0 info it worked if it ends with ok
1 verbose cli [ 'node', '/usr/local/bin/npm', 'install', '-g', 'firebase-tools' ]
2 info using npm@2.11.2
3 info using node@v0.12.5
4 verbose install initial load of /usr/local/lib/package.json
5 verbose readDependencies loading dependencies from /usr/local/lib/package.json
6 silly cache add args [ 'firebase-tools', null ]
7 verbose cache add spec firebase-tools
8 silly cache add parsed spec { raw: 'firebase-tools',
8 silly cache add   scope: null,
8 silly cache add   name: 'firebase-tools',
8 silly cache add   rawSpec: '',
8 silly cache add   spec: '*',
8 silly cache add   type: 'range' }
9 silly addNamed firebase-tools@*
10 verbose addNamed "*" is a valid semver range for firebase-tools
11 silly addNameRange { name: 'firebase-tools', range: '*', hasData: false }
12 silly mapToRegistry name firebase-tools
13 silly mapToRegistry using default registry
14 silly mapToRegistry registry https://registry.npmjs.org/
15 silly mapToRegistry uri https://registry.npmjs.org/firebase-tools
16 verbose addNameRange registry:https://registry.npmjs.org/firebase-tools not in flight; fetching
17 verbose request uri https://registry.npmjs.org/firebase-tools
18 verbose request no auth needed
19 info attempt registry request try #1 at 7:39:45 PM
20 verbose request id 815f3d9bd3138e89
21 verbose etag "99JXNBWQMLQ35I5BYF35YZO3O"
22 http request GET https://registry.npmjs.org/firebase-tools
23 http 304 https://registry.npmjs.org/firebase-tools
24 silly get cb [ 304,
24 silly get   { date: 'Sat, 07 Nov 2015 14:08:54 GMT',
24 silly get     via: '1.1 varnish',
24 silly get     'cache-control': 'max-age=60',
24 silly get     etag: '"99JXNBWQMLQ35I5BYF35YZO3O"',
24 silly get     age: '0',
24 silly get     connection: 'keep-alive',
24 silly get     'x-served-by': 'cache-hkg6821-HKG',
24 silly get     'x-cache': 'MISS',
24 silly get     'x-cache-hits': '0',
24 silly get     'x-timer': 'S1446905334.616554,VS0,VE230',
24 silly get     vary: 'Accept' } ]
25 verbose etag https://registry.npmjs.org/firebase-tools from cache
26 verbose get saving firebase-tools to /Users/niharika/.npm/registry.npmjs.org/firebase-tools/.cache.json
27 silly addNameRange number 2 { name: 'firebase-tools', range: '*', hasData: true }
28 silly addNameRange versions [ 'firebase-tools',
28 silly addNameRange   [ '0.0.1',
28 silly addNameRange     '0.0.2',
28 silly addNameRange     '0.0.3',
28 silly addNameRange     '0.0.4',
28 silly addNameRange     '0.0.5',
28 silly addNameRange     '0.0.6',
28 silly addNameRange     '0.1.0',
28 silly addNameRange     '0.1.1',
28 silly addNameRange     '0.1.2',
28 silly addNameRange     '0.1.3',
28 silly addNameRange     '0.1.4',
28 silly addNameRange     '0.1.5',
28 silly addNameRange     '0.1.6',
28 silly addNameRange     '0.2.0',
28 silly addNameRange     '0.3.0',
28 silly addNameRange     '0.4.0',
28 silly addNameRange     '0.5.0',
28 silly addNameRange     '1.0.0',
28 silly addNameRange     '1.0.1',
28 silly addNameRange     '1.0.2',
28 silly addNameRange     '1.0.3',
28 silly addNameRange     '1.0.4',
28 silly addNameRange     '1.0.5',
28 silly addNameRange     '1.0.6',
28 silly addNameRange     '1.1.0',
28 silly addNameRange     '1.1.1',
28 silly addNameRange     '1.1.2',
28 silly addNameRange     '1.1.3',
28 silly addNameRange     '1.1.4',
28 silly addNameRange     '1.1.5',
28 silly addNameRange     '1.1.6',
28 silly addNameRange     '1.2.0',
28 silly addNameRange     '2.0.0',
28 silly addNameRange     '2.0.1',
28 silly addNameRange     '2.0.2' ] ]
29 silly addNamed firebase-tools@2.0.2
30 verbose addNamed "2.0.2" is a plain semver version for firebase-tools
31 silly cache afterAdd firebase-tools@2.0.2
32 verbose afterAdd /Users/niharika/.npm/firebase-tools/2.0.2/package/package.json not in flight; writing
33 verbose afterAdd /Users/niharika/.npm/firebase-tools/2.0.2/package/package.json written
34 silly install resolved [ { name: 'firebase-tools',
34 silly install resolved     version: '2.0.2',
34 silly install resolved     description: 'Command-Line Interface for Firebase',
34 silly install resolved     main: 'index.js',
34 silly install resolved     bin: { firebase: './bin/firebase' },
34 silly install resolved     scripts: { test: 'gulp' },
34 silly install resolved     repository:
34 silly install resolved      { type: 'git',
34 silly install resolved        url: 'git+https://github.com/firebase/firebase-tools.git' },
34 silly install resolved     keywords:
34 silly install resolved      [ 'cdn',
34 silly install resolved        'cli',
34 silly install resolved        'ssl',
34 silly install resolved        'cloud',
34 silly install resolved        'hosting',
34 silly install resolved        'firebase',
34 silly install resolved        'realtime',
34 silly install resolved        'websockets',
34 silly install resolved        'synchronization' ],
34 silly install resolved     preferGlobal: true,
34 silly install resolved     engines: { node: '>=0.10.0' },
34 silly install resolved     'engine-strict': true,
34 silly install resolved     author:
34 silly install resolved      { name: 'Firebase',
34 silly install resolved        email: 'support@firebase.com',
34 silly install resolved        url: 'https://www.firebase.com/' },
34 silly install resolved     license: 'MIT',
34 silly install resolved     bugs: { url: 'https://github.com/firebase/firebase-tools/issues' },
34 silly install resolved     files: [ 'bin/**', 'lib/**', 'commands/**', 'templates/**', 'index.js' ],
34 silly install resolved     homepage: 'https://github.com/firebase/firebase-tools',
34 silly install resolved     dependencies:
34 silly install resolved      { chalk: '^1.1.0',
34 silly install resolved        cjson: '^0.3.1',
34 silly install resolved        'cli-table': '^0.3.1',
34 silly install resolved        commander: '^2.8.1',
34 silly install resolved        'concat-stream': '^1.5.0',
34 silly install resolved        configstore: '^1.2.0',
34 silly install resolved        didyoumean: '^1.2.1',
34 silly install resolved        'exit-code': '^1.0.2',
34 silly install resolved        filesize: '^3.1.3',
34 silly install resolved        firebase: '2.x.x',
34 silly install resolved        'fs-extra': '^0.23.1',
34 silly install resolved        'fstream-ignore': '^1.0.2',
34 silly install resolved        inquirer: '^0.8.5',
34 silly install resolved        jsonschema: '^1.0.2',
34 silly install resolved        lodash: '^3.10.0',
34 silly install resolved        'node-uuid': '^1.4.3',
34 silly install resolved        open: '0.0.5',
34 silly install resolved        progress: '^1.1.8',
34 silly install resolved        request: '^2.58.0',
34 silly install resolved        rsvp: '^3.0.18',
34 silly install resolved        semver: '^5.0.3',
34 silly install resolved        superstatic: '^3.0.0',
34 silly install resolved        tar: '^2.2.0',
34 silly install resolved        through: '^2.3.8',
34 silly install resolved        tmp: '0.0.27',
34 silly install resolved        'universal-analytics': '^0.3.9',
34 silly install resolved        'update-notifier': '^0.5.0',
34 silly install resolved        'user-home': '^2.0.0',
34 silly install resolved        uuid: '^2.0.1',
34 silly install resolved        winston: '^1.0.1' },
34 silly install resolved     devDependencies:
34 silly install resolved      { chai: '^3.0.0',
34 silly install resolved        'chai-as-promised': '^5.1.0',
34 silly install resolved        coveralls: '2.11.2',
34 silly install resolved        eslint: '^1.4.1',
34 silly install resolved        gulp: '^3.9.0',
34 silly install resolved        'gulp-eslint': '^1.0.0',
34 silly install resolved        'gulp-exit': '0.0.2',
34 silly install resolved        'gulp-istanbul': '^0.10.0',
34 silly install resolved        'gulp-mocha': '^2.1.2',
34 silly install resolved        'jshint-stylish': '^2.0.1',
34 silly install resolved        nock: '^2.10.0' },
34 silly install resolved     gitHead: '50e8ccddf5bc70f30fcee5091ba512cd01287c23',
34 silly install resolved     _id: 'firebase-tools@2.0.2',
34 silly install resolved     _shasum: 'e0fffa361b22eb006ea651ae2298e3a4bec1fd37',
34 silly install resolved     _from: 'firebase-tools@*',
34 silly install resolved     _npmVersion: '2.7.5',
34 silly install resolved     _nodeVersion: '0.10.38',
34 silly install resolved     _npmUser: { name: 'firebase', email: 'operations@firebase.com' },
34 silly install resolved     maintainers: [ [Object] ],
34 silly install resolved     dist:
34 silly install resolved      { shasum: 'e0fffa361b22eb006ea651ae2298e3a4bec1fd37',
34 silly install resolved        tarball: 'http://registry.npmjs.org/firebase-tools/-/firebase-tools-2.0.2.tgz' },
34 silly install resolved     directories: {},
34 silly install resolved     _resolved: 'https://registry.npmjs.org/firebase-tools/-/firebase-tools-2.0.2.tgz',
34 silly install resolved     readme: 'ERROR: No README data found!' } ]
35 info install firebase-tools@2.0.2 into /usr/local/lib
36 info installOne firebase-tools@2.0.2
37 verbose installOne of firebase-tools to /usr/local/lib not in flight; installing
38 verbose lock using /Users/niharika/.npm/_locks/firebase-tools-10d1b8d676fd02fa.lock for /usr/local/lib/node_modules/firebase-tools
39 silly install write writing firebase-tools 2.0.2 to /usr/local/lib/node_modules/firebase-tools
40 verbose unbuild lib/node_modules/firebase-tools
41 info preuninstall firebase-tools@2.0.2
42 info uninstall firebase-tools@2.0.2
43 verbose unbuild rmStuff firebase-tools@2.0.2 from /usr/local/lib/node_modules
44 silly gentlyRm /usr/local/bin/firebase is being gently removed
45 silly gentlyRm verifying /usr/local is an npm working directory
46 silly gentlyRm containing path /usr/local is under npm's control, in /usr/local
47 silly gentlyRm deletion target /usr/local/bin/firebase is under /usr/local
48 verbose gentlyRm vacuuming from /usr/local/bin/firebase up to /usr/local
49 silly vacuum-fs removing /usr/local/bin/firebase
50 silly vacuum-fs quitting because other entries in /usr/local/bin
51 info postuninstall firebase-tools@2.0.2
52 silly gentlyRm /usr/local/lib/node_modules/firebase-tools is being purged from base /usr/local
53 verbose gentlyRm don't care about contents; nuking /usr/local/lib/node_modules/firebase-tools
54 silly vacuum-fs purging /usr/local/lib/node_modules/firebase-tools
55 verbose unlock done using /Users/niharika/.npm/_locks/firebase-tools-10d1b8d676fd02fa.lock for /usr/local/lib/node_modules/firebase-tools
56 verbose stack Error: EACCES, rmdir '/usr/local/lib/node_modules/firebase-tools'
56 verbose stack     at Error (native)
57 verbose cwd /Users/niharika/angular-seed
58 error Darwin 14.1.1
59 error argv "node" "/usr/local/bin/npm" "install" "-g" "firebase-tools"
60 error node v0.12.5
61 error npm  v2.11.2
62 error path /usr/local/lib/node_modules/firebase-tools
63 error code EACCES
64 error errno -13
65 error Error: EACCES, rmdir '/usr/local/lib/node_modules/firebase-tools'
65 error     at Error (native)
65 error  { [Error: EACCES, rmdir '/usr/local/lib/node_modules/firebase-tools']
65 error   errno: -13,
65 error   code: 'EACCES',
65 error   path: '/usr/local/lib/node_modules/firebase-tools' }
66 error Please try running this command again as root/Administrator.
67 verbose exit [ -13, true ]
68 verbose unbuild lib/node_modules/firebase-tools
69 info preuninstall firebase-tools@2.0.2
70 info uninstall firebase-tools@2.0.2
71 verbose unbuild rmStuff firebase-tools@2.0.2 from /usr/local/lib/node_modules
72 silly gentlyRm /usr/local/bin/firebase is being gently removed
73 silly gentlyRm verifying /usr/local is an npm working directory
74 silly gentlyRm containing path /usr/local is under npm's control, in /usr/local
75 silly gentlyRm deletion target /usr/local/bin/firebase is under /usr/local
76 verbose gentlyRm vacuuming from /usr/local/bin/firebase up to /usr/local
77 info postuninstall firebase-tools@2.0.2
78 silly gentlyRm /usr/local/lib/node_modules/firebase-tools is being purged from base /usr/local
79 verbose gentlyRm don't care about contents; nuking /usr/local/lib/node_modules/firebase-tools
80 silly vacuum-fs purging /usr/local/lib/node_modules/firebase-tools
81 error error rolling back Error: EACCES, rmdir '/usr/local/lib/node_modules/firebase-tools'
81 error error rolling back     at Error (native)
81 error error rolling back  { [Error: EACCES, rmdir '/usr/local/lib/node_modules/firebase-tools']
81 error error rolling back   errno: -13,
81 error error rolling back   code: 'EACCES',
81 error error rolling back   path: '/usr/local/lib/node_modules/firebase-tools' }
